[debug] [2025-10-08T15:32:42.930Z] ----------------------------------------------------------------------
[debug] [2025-10-08T15:32:42.932Z] Command:       C:\Program Files\nodejs\node.exe C:\Users\usuario\AppData\Roaming\npm\node_modules\firebase-tools\lib\bin\firebase.js init
[debug] [2025-10-08T15:32:42.932Z] CLI Version:   14.19.0
[debug] [2025-10-08T15:32:42.932Z] Platform:      win32
[debug] [2025-10-08T15:32:42.932Z] Node Version:  v22.20.0
[debug] [2025-10-08T15:32:42.932Z] Time:          Wed Oct 08 2025 17:32:42 GMT+0200 (hora de verano de Europa central)
[debug] [2025-10-08T15:32:42.932Z] ----------------------------------------------------------------------
[debug] 
[info] 
     ######## #### ########  ######## ########     ###     ######  ########
     ##        ##  ##     ## ##       ##     ##  ##   ##  ##       ##
     ######    ##  ########  ######   ########  #########  ######  ######
     ##        ##  ##    ##  ##       ##     ## ##     ##       ## ##
     ##       #### ##     ## ######## ########  ##     ##  ######  ########

You're about to initialize a Firebase project in this directory:

  C:\Users\usuario\OneDrive - UNIVERSIDAD SAN JORGE\CARRERA\3ยบ CARRERA\ASIGNATURAS 1 CUATRIMESTRE\1) SISTEMAS WEB\public

[info] 
=== Project Setup
[info] 
[info] First, let's associate this project directory with a Firebase project.
[info] You can create multiple project aliases by running firebase use --add, 
[info] 
[info] i  If you want to create a project in a Google Cloud organization or folder, please use "firebase projects:create" instead, and return to this command when you've created the project. 
[debug] [2025-10-08T15:39:33.939Z] > command requires scopes: ["email","openid","https://www.googleapis.com/auth/cloudplatformprojects.readonly","https://www.googleapis.com/auth/firebase","https://www.googleapis.com/auth/cloud-platform"]
[debug] [2025-10-08T15:39:33.940Z] > authorizing via signed-in user (egarciayranzo@gmail.com)
[debug] [2025-10-08T15:45:41.831Z] Checked if tokens are valid: true, expires at: 1759940736184
[debug] [2025-10-08T15:45:41.831Z] Checked if tokens are valid: true, expires at: 1759940736184
[debug] [2025-10-08T15:45:41.837Z] >>> [apiv2][query] POST https://firebase.googleapis.com/v1/projects:checkProjectId [none]
[debug] [2025-10-08T15:45:41.837Z] >>> [apiv2][body] POST https://firebase.googleapis.com/v1/projects:checkProjectId {"proposedId":"quiqueelmejor"}
[debug] [2025-10-08T15:45:42.441Z] <<< [apiv2][status] POST https://firebase.googleapis.com/v1/projects:checkProjectId 200
[debug] [2025-10-08T15:45:42.441Z] <<< [apiv2][body] POST https://firebase.googleapis.com/v1/projects:checkProjectId {"projectIdStatus":"PROJECT_ID_UNAVAILABLE","suggestedProjectId":"quiqueelmejor-c8f32"}
[debug] [2025-10-08T15:45:51.776Z] Checked if tokens are valid: true, expires at: 1759940736184
[debug] [2025-10-08T15:45:51.776Z] Checked if tokens are valid: true, expires at: 1759940736184
[debug] [2025-10-08T15:45:51.778Z] >>> [apiv2][query] POST https://firebase.googleapis.com/v1/projects:checkProjectId [none]
[debug] [2025-10-08T15:45:51.778Z] >>> [apiv2][body] POST https://firebase.googleapis.com/v1/projects:checkProjectId {"proposedId":"quiqueelmejor10.2005"}
[debug] [2025-10-08T15:45:51.909Z] <<< [apiv2][status] POST https://firebase.googleapis.com/v1/projects:checkProjectId 400
[debug] [2025-10-08T15:45:51.909Z] <<< [apiv2][body] POST https://firebase.googleapis.com/v1/projects:checkProjectId {"error":{"code":400,"message":"Request contains an invalid argument.","status":"INVALID_ARGUMENT"}}
[debug] [2025-10-08T15:45:51.913Z] Couldn't check if project ID quiqueelmejor10.2005 is available. Original error: FirebaseError: Failed to check if project ID is available. See firebase-debug.log for more info.
[debug] [2025-10-08T15:46:03.894Z] Checked if tokens are valid: true, expires at: 1759940736184
[debug] [2025-10-08T15:46:03.895Z] Checked if tokens are valid: true, expires at: 1759940736184
[debug] [2025-10-08T15:46:03.895Z] >>> [apiv2][query] POST https://cloudresourcemanager.googleapis.com/v1/projects [none]
[debug] [2025-10-08T15:46:03.895Z] >>> [apiv2][body] POST https://cloudresourcemanager.googleapis.com/v1/projects {"projectId":"quiqueelmejor10.2005","name":"quiqueelmejor10.2005"}
[debug] [2025-10-08T15:46:04.665Z] <<< [apiv2][status] POST https://cloudresourcemanager.googleapis.com/v1/projects 400
[debug] [2025-10-08T15:46:04.666Z] <<< [apiv2][body] POST https://cloudresourcemanager.googleapis.com/v1/projects {"error":{"code":400,"message":"Request contains an invalid argument.","status":"INVALID_ARGUMENT","details":[{"@type":"type.googleapis.com/google.rpc.BadRequest","fieldViolations":[{"field":"project_id","description":"project_id contains invalid characters"},{"field":"display_name","description":"project display name contains invalid characters"}]},{"@type":"type.googleapis.com/google.rpc.Help","links":[{"url":"https://cloud.google.com/resource-manager/reference/rest/v1/projects"}]}]}}
[debug] [2025-10-08T15:46:04.670Z] FirebaseError: Request to https://cloudresourcemanager.googleapis.com/v1/projects had HTTP Error: 400, Request contains an invalid argument.
    at responseToError (C:\Users\usuario\AppData\Roaming\npm\node_modules\firebase-tools\lib\responseToError.js:52:12)
    at RetryOperation._fn (C:\Users\usuario\AppData\Roaming\npm\node_modules\firebase-tools\lib\apiv2.js:312:77)
    at process.processTicksAndRejections (node:internal/process/task_queues:105:5)
[error] 
[error] Error: Failed to create project. See firebase-debug.log for more info.
[debug] [2025-10-08T15:46:36.849Z] ----------------------------------------------------------------------
[debug] [2025-10-08T15:46:36.850Z] Command:       C:\Program Files\nodejs\node.exe C:\Users\usuario\AppData\Roaming\npm\node_modules\firebase-tools\lib\bin\firebase.js init
[debug] [2025-10-08T15:46:36.851Z] CLI Version:   14.19.0
[debug] [2025-10-08T15:46:36.851Z] Platform:      win32
[debug] [2025-10-08T15:46:36.851Z] Node Version:  v22.20.0
[debug] [2025-10-08T15:46:36.851Z] Time:          Wed Oct 08 2025 17:46:36 GMT+0200 (hora de verano de Europa central)
[debug] [2025-10-08T15:46:36.851Z] ----------------------------------------------------------------------
[debug] 
[info] 
     ######## #### ########  ######## ########     ###     ######  ########
     ##        ##  ##     ## ##       ##     ##  ##   ##  ##       ##
     ######    ##  ########  ######   ########  #########  ######  ######
     ##        ##  ##    ##  ##       ##     ## ##     ##       ## ##
     ##       #### ##     ## ######## ########  ##     ##  ######  ########

You're about to initialize a Firebase project in this directory:

  C:\Users\usuario\OneDrive - UNIVERSIDAD SAN JORGE\CARRERA\3ยบ CARRERA\ASIGNATURAS 1 CUATRIMESTRE\1) SISTEMAS WEB\public

[info] 
=== Project Setup
[info] 
[info] First, let's associate this project directory with a Firebase project.
[info] You can create multiple project aliases by running firebase use --add, 
[info] 
[info] i  If you want to create a project in a Google Cloud organization or folder, please use "firebase projects:create" instead, and return to this command when you've created the project. 
[debug] [2025-10-08T15:46:45.095Z] > command requires scopes: ["email","openid","https://www.googleapis.com/auth/cloudplatformprojects.readonly","https://www.googleapis.com/auth/firebase","https://www.googleapis.com/auth/cloud-platform"]
[debug] [2025-10-08T15:46:45.096Z] > authorizing via signed-in user (egarciayranzo@gmail.com)
[debug] [2025-10-08T15:46:54.884Z] Checked if tokens are valid: true, expires at: 1759940736184
[debug] [2025-10-08T15:46:54.884Z] Checked if tokens are valid: true, expires at: 1759940736184
[debug] [2025-10-08T15:46:54.889Z] >>> [apiv2][query] POST https://firebase.googleapis.com/v1/projects:checkProjectId [none]
[debug] [2025-10-08T15:46:54.890Z] >>> [apiv2][body] POST https://firebase.googleapis.com/v1/projects:checkProjectId {"proposedId":"quiquegarciayranzo"}
[debug] [2025-10-08T15:46:55.245Z] <<< [apiv2][status] POST https://firebase.googleapis.com/v1/projects:checkProjectId 200
[debug] [2025-10-08T15:46:55.245Z] <<< [apiv2][body] POST https://firebase.googleapis.com/v1/projects:checkProjectId {"projectIdStatus":"PROJECT_ID_AVAILABLE","suggestedProjectId":"quiquegarciayranzo"}
[debug] [2025-10-08T15:47:01.483Z] Checked if tokens are valid: true, expires at: 1759940736184
[debug] [2025-10-08T15:47:01.484Z] Checked if tokens are valid: true, expires at: 1759940736184
[debug] [2025-10-08T15:47:01.484Z] >>> [apiv2][query] POST https://cloudresourcemanager.googleapis.com/v1/projects [none]
[debug] [2025-10-08T15:47:01.484Z] >>> [apiv2][body] POST https://cloudresourcemanager.googleapis.com/v1/projects {"projectId":"quiquegarciayranzo","name":"quiquegarciayranzo"}
[debug] [2025-10-08T15:47:02.289Z] <<< [apiv2][status] POST https://cloudresourcemanager.googleapis.com/v1/projects 200
[debug] [2025-10-08T15:47:02.290Z] <<< [apiv2][body] POST https://cloudresourcemanager.googleapis.com/v1/projects {"name":"operations/create_project.global.7985420158206679239"}
[debug] [2025-10-08T15:47:02.294Z] Checked if tokens are valid: true, expires at: 1759940736184
[debug] [2025-10-08T15:47:02.294Z] Checked if tokens are valid: true, expires at: 1759940736184
[debug] [2025-10-08T15:47:02.295Z] >>> [apiv2][query] GET https://cloudresourcemanager.googleapis.com/v1/operations/create_project.global.7985420158206679239 [none]
[debug] [2025-10-08T15:47:02.920Z] <<< [apiv2][status] GET https://cloudresourcemanager.googleapis.com/v1/operations/create_project.global.7985420158206679239 200
[debug] [2025-10-08T15:47:02.920Z] <<< [apiv2][body] GET https://cloudresourcemanager.googleapis.com/v1/operations/create_project.global.7985420158206679239 {"name":"operations/create_project.global.7985420158206679239","metadata":{"@type":"type.googleapis.com/google.cloudresourcemanager.v1.ProjectCreationStatus","ready":true},"done":true,"error":{"code":9,"message":"Callers must accept Terms of Service","details":[{"@type":"type.googleapis.com/google.rpc.PreconditionFailure","violations":[{"type":"TOS","subject":"cloud","description":"Callers must accept Terms of Service"}]}]}}
[debug] [2025-10-08T15:47:02.923Z] FirebaseError: Callers must accept Terms of Service
    at OperationPoller.poll (C:\Users\usuario\AppData\Roaming\npm\node_modules\firebase-tools\lib\operation-poller.js:24:19)
    at process.processTicksAndRejections (node:internal/process/task_queues:105:5)
    at async createCloudProject (C:\Users\usuario\AppData\Roaming\npm\node_modules\firebase-tools\lib\management\projects.js:227:29)
    at async createFirebaseProjectAndLog (C:\Users\usuario\AppData\Roaming\npm\node_modules\firebase-tools\lib\management\projects.js:87:9)
    at async Object.doSetup (C:\Users\usuario\AppData\Roaming\npm\node_modules\firebase-tools\lib\init\features\project.js:65:24)
    at async init (C:\Users\usuario\AppData\Roaming\npm\node_modules\firebase-tools\lib\init\index.js:73:13)
    at async Command.initAction [as actionFn] (C:\Users\usuario\AppData\Roaming\npm\node_modules\firebase-tools\lib\commands\init.js:219:5)
[error] 
[error] Error: Failed to create project. See firebase-debug.log for more info.
[debug] [2025-10-08T15:50:43.852Z] ----------------------------------------------------------------------
[debug] [2025-10-08T15:50:43.854Z] Command:       C:\Program Files\nodejs\node.exe C:\Users\usuario\AppData\Roaming\npm\node_modules\firebase-tools\lib\bin\firebase.js init
[debug] [2025-10-08T15:50:43.854Z] CLI Version:   14.19.0
[debug] [2025-10-08T15:50:43.854Z] Platform:      win32
[debug] [2025-10-08T15:50:43.854Z] Node Version:  v22.20.0
[debug] [2025-10-08T15:50:43.854Z] Time:          Wed Oct 08 2025 17:50:43 GMT+0200 (hora de verano de Europa central)
[debug] [2025-10-08T15:50:43.854Z] ----------------------------------------------------------------------
[debug] 
[info] 
     ######## #### ########  ######## ########     ###     ######  ########
     ##        ##  ##     ## ##       ##     ##  ##   ##  ##       ##
     ######    ##  ########  ######   ########  #########  ######  ######
     ##        ##  ##    ##  ##       ##     ## ##     ##       ## ##
     ##       #### ##     ## ######## ########  ##     ##  ######  ########

You're about to initialize a Firebase project in this directory:

  C:\Users\usuario\OneDrive - UNIVERSIDAD SAN JORGE\CARRERA\3ยบ CARRERA\ASIGNATURAS 1 CUATRIMESTRE\1) SISTEMAS WEB\public

[info] 
=== Project Setup
[info] 
[info] First, let's associate this project directory with a Firebase project.
[info] You can create multiple project aliases by running firebase use --add, 
[info] 
[debug] [2025-10-08T15:50:55.803Z] > command requires scopes: ["email","openid","https://www.googleapis.com/auth/cloudplatformprojects.readonly","https://www.googleapis.com/auth/firebase","https://www.googleapis.com/auth/cloud-platform"]
[debug] [2025-10-08T15:50:55.804Z] > authorizing via signed-in user (egarciayranzo@gmail.com)
[debug] [2025-10-08T15:50:55.808Z] Checked if tokens are valid: true, expires at: 1759940736184
[debug] [2025-10-08T15:50:55.809Z] Checked if tokens are valid: true, expires at: 1759940736184
[debug] [2025-10-08T15:50:55.813Z] >>> [apiv2][query] GET https://firebase.googleapis.com/v1beta1/projects pageSize=100
[debug] [2025-10-08T15:50:56.363Z] <<< [apiv2][status] GET https://firebase.googleapis.com/v1beta1/projects 200
[debug] [2025-10-08T15:50:56.364Z] <<< [apiv2][body] GET https://firebase.googleapis.com/v1beta1/projects [omitted]
[info] 
=== Hosting Setup
[debug] [2025-10-08T15:50:58.411Z] Checked if tokens are valid: true, expires at: 1759940736184
[debug] [2025-10-08T15:50:58.412Z] Checked if tokens are valid: true, expires at: 1759940736184
[debug] [2025-10-08T15:50:58.412Z] >>> [apiv2][query] GET https://firebase.googleapis.com/v1beta1/projects/enriquegarciayranzo10 [none]
[debug] [2025-10-08T15:50:58.629Z] <<< [apiv2][status] GET https://firebase.googleapis.com/v1beta1/projects/enriquegarciayranzo10 200
[debug] [2025-10-08T15:50:58.630Z] <<< [apiv2][body] GET https://firebase.googleapis.com/v1beta1/projects/enriquegarciayranzo10 {"projectId":"enriquegarciayranzo10","projectNumber":"164435461165","displayName":"Enriquegarciayranzo10","name":"projects/enriquegarciayranzo10","resources":{"hostingSite":"enriquegarciayranzo10"},"state":"ACTIVE","etag":"1_c0efae5d-0e68-43a9-9afb-8dc3ae941b2f"}
[info] 
[info] Your public directory is the folder (relative to your project directory) that
[info] will contain Hosting assets to be uploaded with firebase deploy. If you
[info] have a build process for your assets, use your build's output directory.
[info] 
